[2026-07-13T13:31:06.231Z] ValidationError: AuditLog validation failed: user: Cast to ObjectId failed for value "platform_admin" (type string) at path "user"
    at Document.invalidate (C:\Users\Lenovo\Desktop\Hospital-RBAC\node_modules\mongoose\lib\document.js:3455:32)
    at model.$set (C:\Users\Lenovo\Desktop\Hospital-RBAC\node_modules\mongoose\lib\document.js:1524:12)
    at model.$set (C:\Users\Lenovo\Desktop\Hospital-RBAC\node_modules\mongoose\lib\document.js:1173:16)
    at model.Document (C:\Users\Lenovo\Desktop\Hospital-RBAC\node_modules\mongoose\lib\document.js:181:12)
    at model.Model (C:\Users\Lenovo\Desktop\Hospital-RBAC\node_modules\mongoose\lib\model.js:143:12)
    at new model (C:\Users\Lenovo\Desktop\Hospital-RBAC\node_modules\mongoose\lib\model.js:4969:15)
    at model.create (C:\Users\Lenovo\Desktop\Hospital-RBAC\node_modules\mongoose\lib\model.js:2760:16)
    at createAuditLog (C:\Users\Lenovo\Desktop\Hospital-RBAC\services\auditLogService.js:40:24)
    at exports.createHospital (C:\Users\Lenovo\Desktop\Hospital-RBAC\controllers\hospitalController.js:107:15)
    at process.processTicksAndRejections (node:internal/process/task_queues:104:5)
[2026-07-14T11:46:04.332Z] ValidationError: AuditLog validation failed: user: Cast to ObjectId failed for value "platform_admin" (type string) at path "user"
    at Document.invalidate (C:\Users\Lenovo\Desktop\Hospital-RBAC\node_modules\mongoose\lib\document.js:3455:32)
    at model.$set (C:\Users\Lenovo\Desktop\Hospital-RBAC\node_modules\mongoose\lib\document.js:1524:12)
    at model.$set (C:\Users\Lenovo\Desktop\Hospital-RBAC\node_modules\mongoose\lib\document.js:1173:16)
    at model.Document (C:\Users\Lenovo\Desktop\Hospital-RBAC\node_modules\mongoose\lib\document.js:181:12)
    at model.Model (C:\Users\Lenovo\Desktop\Hospital-RBAC\node_modules\mongoose\lib\model.js:143:12)
    at new model (C:\Users\Lenovo\Desktop\Hospital-RBAC\node_modules\mongoose\lib\model.js:4969:15)
    at model.create (C:\Users\Lenovo\Desktop\Hospital-RBAC\node_modules\mongoose\lib\model.js:2760:16)
    at createAuditLog (C:\Users\Lenovo\Desktop\Hospital-RBAC\services\auditLogService.js:40:24)
    at exports.createAdmin (C:\Users\Lenovo\Desktop\Hospital-RBAC\controllers\hospitalAdminController.js:117:15)
    at process.processTicksAndRejections (node:internal/process/task_queues:104:5)
